<?xml version="1.0" encoding="UTF-8"?>
<!-- Generated by org.testng.reporters.JUnitXMLReporter -->
<testsuite ignored="0" hostname="DESKTOP-R8BAB90" failures="0" tests="3" name="Default test" time="0.596" errors="0" timestamp="03 Apr 2019 02:29:46 GMT">
  <testcase classname="com.qtpselenium.hybrid.suitea.LoginTest" name="loginTest" time="0.014"/>
  <testcase classname="com.qtpselenium.hybrid.suitea.LoginTest" name="loginTest" time="0.001">
    <skipped/>
  </testcase> <!-- loginTest -->
  <testcase classname="com.qtpselenium.hybrid.suitea.LoginTest" name="loginTest" time="0.001">
    <skipped/>
  </testcase> <!-- loginTest -->
</testsuite> <!-- Default test -->
